f068c5c3594177c59ff232f34f9eaa7f{"Parent":"Facebook App 14.3 for iOS","Platform_Version":"5.0","isTablet":"true","Device_Name":"iPad","Device_Type":"Tablet","Device_Code_Name":"iPad"}
f06cb23b716486bfb7e402a960ac4de5{"Parent":"Facebook App 5.2 for iOS","Platform_Version":"7.1"}
f069a16752b707d8eea4c018981086d8{"Parent":"Android WebView 4.4","Platform_Version":"4.1","Device_Name":"One M8","Device_Maker":"HTC","Device_Code_Name":"M8","Device_Brand_Name":"HTC"}
f06e964ea86e2c5cd8914f02ca524c90{"Parent":"Android WebView 2.0","Platform_Version":"4.0","Device_Name":"One X","Device_Maker":"HTC","Device_Code_Name":"PJ83100","Device_Brand_Name":"HTC"}
f062d07258f68751fc7c6fe18e7f4ed5{"Parent":"Android WebView 1.6","Platform_Version":"4.0","Device_Name":"Desire C","Device_Maker":"HTC","Device_Pointing_Method":"unknown","Device_Code_Name":"1000C","Device_Brand_Name":"HTC"}
f067c800b415f18667d3b0586441237e{"Parent":"Android WebView 1.0","Platform_Version":"2.1","Device_Name":"Pro+","Device_Maker":"Motorola","Device_Pointing_Method":"unknown","Device_Code_Name":"MB632","Device_Brand_Name":"Motorola"}
f064188dd00cf6b65daa16a65985f61d{"Parent":"Opera 10.01","Browser_Bits":"32","Platform":"Win2000","Platform_Version":"5.0","Platform_Description":"Windows 2000","Platform_Bits":"32","Platform_Maker":"Microsoft Corporation","Win32":"true","Device_Name":"Windows Desktop","Device_Code_Name":"Windows Desktop"}
f0610ef62ba1667e3c35bd15282f3c6f{"Parent":"Opera 10.01","Browser_Bits":"32","Platform":"MacOSX","Platform_Version":"10.5","Platform_Description":"Mac OS X","Platform_Bits":"32","Platform_Maker":"Apple Inc","Device_Name":"Macintosh","Device_Maker":"Apple Inc","Device_Code_Name":"Macintosh","Device_Brand_Name":"Apple"}
f06f55b3693ecba6cb51ffc8834664de{"Parent":"Opera 9.60","Browser_Bits":"32","Platform":"SunOS","Platform_Description":"SunOS","Platform_Bits":"32","Platform_Maker":"Oracle"}
f0637948ef2bca5d0064ad68644b474a{"Parent":"Opera 9.00","Browser_Bits":"32","Platform":"MacOSX","Platform_Version":"10.4","Platform_Description":"Mac OS X","Platform_Bits":"32","Platform_Maker":"Apple Inc","Device_Name":"Macintosh","Device_Maker":"Apple Inc","Device_Code_Name":"Macintosh","Device_Brand_Name":"Apple"}
f066573399cc1aee82388bdd1bcea705{"Parent":"Opera 3.20","Browser_Bits":"32","Platform":"WinVista","Platform_Version":"6.0","Platform_Description":"Windows Vista","Platform_Bits":"32","Platform_Maker":"Microsoft Corporation","Win32":"true","Device_Name":"Windows Desktop","Device_Code_Name":"Windows Desktop"}
f066d2d48bf46675e5c1799f4c94fb72{"Parent":"Iron 8.0","Browser_Bits":"32","Platform":"Win2000","Platform_Version":"5.0","Platform_Description":"Windows 2000","Platform_Bits":"32","Platform_Maker":"Microsoft Corporation","Win32":"true","Device_Name":"Windows Desktop","Device_Code_Name":"Windows Desktop"}
f061546ec85afb836cd869e2460bd487{"Parent":"RockMelt 0.9","Browser_Bits":"32","Platform":"WinXP","Platform_Version":"5.1","Platform_Description":"Windows XP","Platform_Bits":"32","Platform_Maker":"Microsoft Corporation","Win32":"true","Device_Name":"Windows Desktop","Device_Code_Name":"Windows Desktop"}
f063e2c30b933a670df96b5491442df1{"Parent":"Chrome 35.0","Browser_Bits":"32","Platform":"WinNT","Platform_Version":"4.0","Platform_Description":"Windows NT","Platform_Bits":"32","Platform_Maker":"Microsoft Corporation","Win32":"true","Device_Name":"Windows Desktop","Device_Code_Name":"Windows Desktop"}
f06a51bb50bb94fdf01268c8181842ad{"Parent":"Chrome 31.0 for Android","Platform_Version":"4.1","isTablet":"true","Device_Name":"Galaxy Note 8.0","Device_Maker":"Samsung","Device_Type":"Tablet","Device_Code_Name":"GT-N5100","Device_Brand_Name":"Samsung"}
f0655c79104b0d56f46f266452a0418c{"Parent":"Chrome 3.0","Browser_Bits":"32","Platform":"WinXP","Platform_Version":"5.1","Platform_Description":"Windows XP","Platform_Bits":"32","Platform_Maker":"Microsoft Corporation","Win32":"true"}
f062ad53b3e2cccbc33ddeea72b8f596{"Parent":"IEMobile 4.01","Platform":"WinCE","Platform_Description":"Windows CE","Device_Name":"595","Device_Maker":"Dopod","Device_Code_Name":"595","Device_Brand_Name":"Dopod"}
f068b528b4e1965893ad10a8921b2c6a{"Parent":"IEMobile 4.01","Platform":"WinCE","Platform_Description":"Windows CE","Device_Name":"MPx220","Device_Maker":"Motorola","Device_Code_Name":"MPx220","Device_Brand_Name":"Motorola"}
f06c5e001b800d520b3e2ac5450348ea{"Parent":"Android Browser 4.0","Platform_Version":"2.3","isTablet":"true","Device_Name":"Tablet","Device_Maker":"CatSound","Device_Type":"Tablet","Device_Code_Name":"Tablet","Device_Brand_Name":"CatSound"}
f06ba0d6f37362adcbd62a22bd451d5e{"Parent":"Mercury 7.4","Platform":"iOS","Platform_Version":"6.1","Platform_Description":"iPod, iPhone \u0026 iPad","isMobileDevice":"true","isTablet":"true","Device_Name":"iPad","Device_Type":"Tablet","Device_Pointing_Method":"touchscreen","Device_Code_Name":"iPad"}
f06003854e1988422b52dff022b363b3{"Parent":"Adobe AIR 3.3","Browser_Bits":"32","Platform":"Win32","Platform_Description":"Windows","Platform_Bits":"32","Platform_Maker":"Microsoft Corporation","Win32":"true","Device_Name":"Windows Desktop","Device_Code_Name":"Windows Desktop"}
f06d9bcbbd4b78d2b20181853ba5f379{"Parent":"SeaMonkey 2.21","Browser_Bits":"32","Platform":"MacOSX","Platform_Version":"10.5","Platform_Description":"Mac OS X","Platform_Bits":"32","Platform_Maker":"Apple Inc","Device_Name":"Macintosh","Device_Maker":"Apple Inc","Device_Code_Name":"Macintosh","Device_Brand_Name":"Apple"}
f063877ca1ecd654d7e1ed60bbe078bd{"Parent":"DefaultProperties","Comment":"Iceweasel 15.0","Browser":"Iceweasel","Browser_Type":"Browser","Browser_Bits":"32","Browser_Maker":"Debian","Version":"15.0","MajorVer":"15","Platform":"Linux","Platform_Description":"Linux","Platform_Bits":"32","Platform_Maker":"Linux Foundation","Frames":"true","IFrames":"true","Tables":"true","Cookies":"true","JavaScript":"true","JavaApplets":"true","CssVersion":"2","Device_Name":"Linux Desktop","Device_Maker":"Various","Device_Type":"Desktop","Device_Pointing_Method":"mouse","Device_Code_Name":"Linux Desktop","RenderingEngine_Name":"Gecko","RenderingEngine_Version":"15.0","RenderingEngine_Description":"For Firefox, Camino, K-Meleon, SeaMonkey, Netscape, and other Gecko-based browsers.","RenderingEngine_Maker":"Mozilla Foundation"}
f0687312f3660c43d22e79e2269cb071{"Parent":"Firefox 39.0","Browser_Bits":"64","Platform":"IRIX64","Platform_Description":"IRIX64","Platform_Bits":"64","Platform_Maker":"SGI"}
f06775b03608144d8588b32a29e40732{"Parent":"Firefox 19.0"}
f06738df34058e8fa5df8a5fd6b9be82{"Parent":"DoCoMo","Version":"1.0","MajorVer":"1","Device_Name":"N504i","Device_Maker":"NEC","Device_Type":"Mobile Phone","Device_Code_Name":"N504i","Device_Brand_Name":"NEC"}
